超度：北京鹿鼎公府
超度：明教绿柳山庄
超度：洛阳金刀王府
超度：北京康亲王府
超度：大理平西王府
超度：北京鹿鼎公府
超度：扬州正气山庄
超度：苏州万景山庄
超度：华山村地保家
超度：北京鳌府
超度：大理平西王府
超度：北京康亲王府
超度：苏州万景山庄
超度：扬州正气山庄
超度：长安小雁塔
超度：华山村地保家
超度：长安小雁塔
超度：灵州大将军府
超度：日月神教农夫家
超度：回族小镇巴依家
超度：北京鹿鼎公府
超度：泉州巨鲸帮
超度：长安大雁塔
超度：北京庄府
超度：长安小雁塔
超度：回族小镇巴依家
超度：日月神教农夫家
超度：华山村地保家
超度：襄阳郭府
超度：大轮寺天云马场
超度：苏州狮子林
超度：日月神教农夫家
超度：长安大雁塔
超度：襄阳郭府
超度：杭州马善钧家
超度：明教绿柳山庄
超度：襄阳郭府
超度：苏州狮子林
超度：北京康亲王府
超度：苏州狮子林
超度：晋阳萧府
超度：洛阳金刀王府
超度：泉州巨鲸帮
超度：日月神教农夫家
超度：华山村地保家
超度：晋阳萧府
超度：北京康亲王府
超度：白驼山张记打铁铺
超度：襄阳郭府
超度：白驼山张记打铁铺
超度：洛阳金刀王府
超度：大轮寺天云马场
超度：晋阳萧府
超度：北京鳌府
超度：灵州大将军府
超度：扬州正气山庄
超度：苏州万景山庄
超度：洛阳金刀王府
超度：泉州巨鲸帮
超度：北京庄府
超度：岳阳李保长家
超度：江州韩家
超度：杭州提督府
超度：苏州狮子林
超度：北京鹿鼎公府
超度：明教绿柳山庄
超度：苏州万景山庄
超度：长安小雁塔
超度：灵州大将军府
超度：江州韩家
超度：灵州大将军府
超度：杭州提督府
超度：北京鳌府
超度：回族小镇巴依家
超度：扬州正气山庄
超度：南昌岳麓书院
超度：苏州万景山庄
超度：长安大雁塔
超度：岳阳李保长家
超度：扬州崔员外家
超度：北京康亲王府
超度：南昌岳麓书院
超度：白驼山张记打铁铺
超度：杭州提督府
超度：江州韩家
超度：长安小雁塔
超度：扬州崔员外家
超度：晋阳萧府
超度：华山村地保家
超度：泉州巨鲸帮
超度：扬州崔员外家
超度：北京康亲王府
超度：苏州万景山庄
超度：成都老唐家
超度：长安小雁塔
超度：北京鳌府
超度：苏州万景山庄
超度：襄阳郭府
超度：洛阳金刀王府
超度：苏州狮子林
超度：苏州狮子林
超度：洛阳汝阳王府
超度：江州韩家
超度：成都老唐家
超度：苏州万景山庄
超度：扬州正气山庄
超度：扬州崔员外家
超度：南昌岳麓书院
超度：明教绿柳山庄
超度：灵州大将军府
超度：大轮寺天云马场
超度：苏州狮子林
超度：扬州崔员外家
超度：大理土司
超度：北京鳌府
超度：华山村地保家
超度：白驼山张记打铁铺
超度：南昌岳麓书院
超度：岳阳李保长家
超度：灵州大将军府
超度：大轮寺天云马场
超度：北京鳌府
超度：晋阳萧府
超度：泉州巨鲸帮
超度：大理平西王府
超度：南昌岳麓书院
超度：苏州狮子林
超度：华山村地保家
超度：灵州大将军府
超度：白驼山张记打铁铺
超度：晋阳萧府
超度：南昌岳麓书院
超度：洛阳金刀王府
超度：长安小雁塔
超度：洛阳金刀王府
超度：杭州马善钧家
超度：北京鹿鼎公府
超度：苏州狮子林
超度：北京庄府
超度：北京鹿鼎公府
超度：华山村地保家
超度：回族小镇巴依家
超度：杭州提督府
超度：北京康亲王府
超度：苏州万景山庄
超度：扬州崔员外家
超度：日月神教农夫家
超度：南昌岳麓书院
超度：岳阳李保长家
超度：长安大雁塔
超度：长安大雁塔
超度：长安小雁塔
超度：江州韩家
超度：洛阳汝阳王府
超度：北京鹿鼎公府
超度：晋阳萧府
超度：襄阳郭府
超度：泉州巨鲸帮
超度：江州韩家
超度：岳阳李保长家
超度：北京鹿鼎公府
超度：晋阳萧府
超度：大理土司
超度：洛阳汝阳王府
超度：北京鹿鼎公府
超度：北京康亲王府
超度：洛阳汝阳王府
超度：北京庄府
超度：南昌岳麓书院
超度：大轮寺天云马场
超度：日月神教农夫家
超度：成都老唐家
超度：洛阳汝阳王府
超度：杭州马善钧家
超度：大轮寺天云马场
超度：长安大雁塔
超度：大轮寺天云马场
超度：扬州崔员外家
超度：白驼山张记打铁铺
超度：南昌岳麓书院
超度：北京鳌府
超度：北京康亲王府
超度：岳阳李保长家
超度：洛阳金刀王府
超度：长安大雁塔
超度：南昌岳麓书院
超度：大理土司
超度：长安小雁塔
超度：洛阳金刀王府
超度：长安大雁塔
超度：杭州提督府
超度：泉州巨鲸帮
超度：成都老唐家
超度：北京庄府
超度：北京庄府
超度：杭州提督府
超度：杭州马善钧家
超度：江州韩家
超度：晋阳萧府
超度：江州韩家
超度：江州韩家
超度：苏州狮子林
超度：南昌岳麓书院
超度：晋阳萧府
超度：日月神教农夫家
超度：北京鹿鼎公府
超度：扬州正气山庄
超度：日月神教农夫家
超度：苏州狮子林
超度：扬州崔员外家
超度：大理平西王府
超度：华山村地保家
超度：成都老唐家
超度：北京鳌府
超度：襄阳郭府
超度：大轮寺天云马场
超度：杭州马善钧家
超度：晋阳萧府
超度：白驼山张记打铁铺
超度：白驼山张记打铁铺
超度：大理平西王府
超度：扬州崔员外家
超度：南昌岳麓书院
超度：南昌岳麓书院
超度：北京鹿鼎公府
超度：北京康亲王府
超度：北京鹿鼎公府
超度：苏州狮子林
超度：长安小雁塔
超度：苏州万景山庄
超度：北京鹿鼎公府
超度：岳阳李保长家
超度：杭州马善钧家
超度：苏州狮子林
超度：大轮寺天云马场
超度：洛阳汝阳王府
超度：大理平西王府
超度：洛阳汝阳王府
超度：岳阳李保长家
超度：苏州狮子林
超度：苏州万景山庄
超度：日月神教农夫家
超度：明教绿柳山庄
超度：泉州巨鲸帮
超度：扬州正气山庄
超度：灵州大将军府
超度：南昌岳麓书院
超度：成都老唐家
超度：成都老唐家
超度：成都老唐家
超度：扬州正气山庄
超度：杭州提督府
超度：苏州狮子林
超度：北京康亲王府
超度：北京康亲王府
超度：苏州狮子林
超度：北京鹿鼎公府
超度：扬州正气山庄
超度：洛阳汝阳王府
超度：大理土司
超度：岳阳李保长家
超度：白驼山张记打铁铺
超度：大理平西王府
超度：长安大雁塔
超度：扬州崔员外家
超度：杭州马善钧家
超度：泉州巨鲸帮
超度：大理平西王府
超度：北京鳌府
超度：白驼山张记打铁铺
超度：大理土司
超度：北京庄府
超度：回族小镇巴依家
超度：洛阳汝阳王府
超度：襄阳郭府
超度：南昌岳麓书院
超度：襄阳郭府
超度：洛阳汝阳王府
超度：洛阳汝阳王府
超度：北京庄府
超度：杭州提督府
超度：杭州提督府
超度：北京康亲王府
超度：长安大雁塔
超度：泉州巨鲸帮
超度：白驼山张记打铁铺
超度：白驼山张记打铁铺
超度：大理土司
超度：襄阳郭府
超度：日月神教农夫家
超度：北京庄府
超度：日月神教农夫家
超度：南昌岳麓书院
超度：扬州崔员外家
超度：泉州巨鲸帮
超度：洛阳金刀王府
超度：日月神教农夫家
超度：长安大雁塔
超度：大轮寺天云马场
超度：长安大雁塔
超度：洛阳金刀王府
超度：杭州提督府
超度：长安小雁塔
超度：洛阳金刀王府
超度：灵州大将军府
超度：杭州提督府
超度：日月神教农夫家
超度：华山村地保家
超度：灵州大将军府
超度：南昌岳麓书院
超度：扬州崔员外家
超度：大轮寺天云马场
超度：襄阳郭府
超度：苏州狮子林
超度：明教绿柳山庄
超度：大轮寺天云马场
超度：岳阳李保长家
超度：岳阳李保长家
超度：北京鳌府
超度：北京康亲王府
超度：回族小镇巴依家
超度：长安小雁塔
超度：大轮寺天云马场
超度：灵州大将军府
超度：泉州巨鲸帮
超度：明教绿柳山庄
超度：扬州崔员外家
超度：北京鹿鼎公府
超度：大理土司
超度：大理平西王府
超度：北京康亲王府
超度：华山村地保家
超度：大理土司
超度：苏州万景山庄
超度：苏州万景山庄
超度：灵州大将军府
超度：大理土司
超度：晋阳萧府
超度：江州韩家
超度：大理平西王府
超度：江州韩家
超度：泉州巨鲸帮
超度：岳阳李保长家
超度：北京康亲王府
超度：大理土司
超度：大轮寺天云马场
超度：灵州大将军府
超度：灵州大将军府
超度：北京庄府
超度：北京庄府
超度：洛阳金刀王府
超度：长安大雁塔
超度：华山村地保家
超度：洛阳汝阳王府
